<?xml version="1.0" encoding="UTF-8"?>
<!-- Generated by org.testng.reporters.JUnitReportReporter -->
<testsuite hostname="NLM01890936OCCS" failures="1" tests="8" name="gov.nih.nlm.lode.tests.BasicsTest" time="24.421" errors="0" timestamp="19 Mar 2019 19:38:49 GMT">
  <testcase classname="gov.nih.nlm.lode.tests.BasicsTest" name="testVoidTurtle" time="0.031"/>
  <testcase classname="gov.nih.nlm.lode.tests.BasicsTest" name="testHomePage" time="2.441"/>
  <testcase classname="gov.nih.nlm.lode.tests.BasicsTest" name="testExplorerPage" time="20.584">
    <failure message="one or more bad links, last bad link https://www.nlm.nih.gov/mesh/" type="java.lang.AssertionError">
      <![CDATA[java.lang.AssertionError: one or more bad links, last bad link https://www.nlm.nih.gov/mesh/
	at org.testng.Assert.fail(Assert.java:94)
	at gov.nih.nlm.lode.tests.LinkChecker.shouldBeValid(LinkChecker.java:256)
	at gov.nih.nlm.lode.tests.LodeBaseTest.shouldBeValidLinks(LodeBaseTest.java:97)
	at gov.nih.nlm.lode.tests.BasicsTest.testExplorerPage(BasicsTest.java:37)
	at java.base/jdk.internal.reflect.NativeMethodAccessorImpl.invoke0(Native Method)
	at java.base/jdk.internal.reflect.NativeMethodAccessorImpl.invoke(NativeMethodAccessorImpl.java:62)
	at java.base/jdk.internal.reflect.DelegatingMethodAccessorImpl.invoke(DelegatingMethodAccessorImpl.java:43)
	at java.base/java.lang.reflect.Method.invoke(Method.java:566)
	at org.testng.internal.MethodInvocationHelper.invokeMethod(MethodInvocationHelper.java:86)
	at org.testng.internal.Invoker.invokeMethod(Invoker.java:643)
	at org.testng.internal.Invoker.invokeTestMethod(Invoker.java:820)
	at org.testng.internal.Invoker.invokeTestMethods(Invoker.java:1128)
	at org.testng.internal.TestMethodWorker.invokeTestMethods(TestMethodWorker.java:129)
	at org.testng.internal.TestMethodWorker.run(TestMethodWorker.java:112)
	at org.testng.TestRunner.privateRun(TestRunner.java:782)
	at org.testng.TestRunner.run(TestRunner.java:632)
	at org.testng.SuiteRunner.runTest(SuiteRunner.java:366)
	at org.testng.SuiteRunner.runSequentially(SuiteRunner.java:361)
	at org.testng.SuiteRunner.privateRun(SuiteRunner.java:319)
	at org.testng.SuiteRunner.run(SuiteRunner.java:268)
	at org.testng.SuiteRunnerWorker.runSuite(SuiteRunnerWorker.java:52)
	at org.testng.SuiteRunnerWorker.run(SuiteRunnerWorker.java:86)
	at org.testng.TestNG.runSuitesSequentially(TestNG.java:1244)
	at org.testng.TestNG.runSuitesLocally(TestNG.java:1169)
	at org.testng.TestNG.run(TestNG.java:1064)
	at org.apache.maven.surefire.testng.TestNGExecutor.run(TestNGExecutor.java:135)
	at org.apache.maven.surefire.testng.TestNGDirectoryTestSuite.executeMulti(TestNGDirectoryTestSuite.java:193)
	at org.apache.maven.surefire.testng.TestNGDirectoryTestSuite.execute(TestNGDirectoryTestSuite.java:94)
	at org.apache.maven.surefire.testng.TestNGProvider.invoke(TestNGProvider.java:146)
	at org.apache.maven.surefire.booter.ForkedBooter.invokeProviderInSameClassLoader(ForkedBooter.java:384)
	at org.apache.maven.surefire.booter.ForkedBooter.runSuitesInProcess(ForkedBooter.java:345)
	at org.apache.maven.surefire.booter.ForkedBooter.execute(ForkedBooter.java:126)
	at org.apache.maven.surefire.booter.ForkedBooter.main(ForkedBooter.java:418)
]]>
    </failure>
  </testcase> <!-- testExplorerPage -->
  <testcase classname="gov.nih.nlm.lode.tests.BasicsTest" name="testVocabularyOwl" time="0.032"/>
  <testcase classname="gov.nih.nlm.lode.tests.BasicsTest" name="testQueryPage" time="1.193"/>
  <testcase classname="gov.nih.nlm.lode.tests.BasicsTest" name="testVocabularyTurtle" time="0.031"/>
  <testcase classname="gov.nih.nlm.lode.tests.BasicsTest" name="testVoidRedirect" time="0.062"/>
  <testcase classname="gov.nih.nlm.lode.tests.BasicsTest" name="testVocabularyRedirect" time="0.047"/>
</testsuite> <!-- gov.nih.nlm.lode.tests.BasicsTest -->
